<?xml version="1.0" encoding="UTF-8"?>
<!-- Generated by org.testng.reporters.JUnitReportReporter -->
<testsuite hostname="igor5566" name="mysite.GoogleTest" tests="1" failures="0" timestamp="28 Dec 2019 17:05:32 GMT" time="6.825" errors="0">
  <testcase name="testSearchForm" time="6.825" classname="mysite.GoogleTest"/>
</testsuite> <!-- mysite.GoogleTest -->
