<?xml version="1.0" encoding="UTF-8"?>
<!-- Generated by org.testng.reporters.JUnitReportReporter -->
<testsuite hostname="igor5566" name="mysite.GoogleTest" tests="1" failures="0" timestamp="29 Dec 2019 07:09:03 GMT" time="0.011" errors="0">
  <testcase name="testSearchForm" time="0.011" classname="mysite.GoogleTest"/>
</testsuite> <!-- mysite.GoogleTest -->
